<?xml version="1.0" encoding="UTF-8"?>
<!-- Generated by org.testng.reporters.JUnitReportReporter -->
<testsuite hostname="MacBook-Air-de-Jorge.local" failures="0" tests="1" name="practica.ProfesorTPTest" time="0.385" errors="0" timestamp="2021-12-16T20:08:54 PET" skipped="0">
  <testcase classname="practica.ProfesorTPTest" name="fail_sueldo" time="0.385"/>
  <system-out/>
</testsuite> <!-- practica.ProfesorTPTest -->
