<?xml version="1.0" encoding="UTF-8"?>
<!-- Generated by org.testng.reporters.JUnitReportReporter -->
<testsuite hostname="MacBook-Air-de-Jorge.local" failures="0" tests="1" name="practica.ProfesorTCTest" time="0.002" errors="0" timestamp="2021-12-16T20:08:54 PET" skipped="0">
  <testcase classname="practica.ProfesorTCTest" name="fail_sueldo" time="0.002"/>
  <system-out/>
</testsuite> <!-- practica.ProfesorTCTest -->
